  Determinando los proyectos que se van a restaurar...
  Todos los proyectos est├ín actualizados para la restauraci├│n.
  TemplateGen.Core -> E:\94_genera_plantillas_word\src\TemplateGen.Core\bin\Debug\net10.0\TemplateGen.Core.dll
E:\94_genera_plantillas_word\src\TemplateGen.Tests\WordGeneratorTests.cs(77,50): error CS0246: El nombre del tipo o del espacio de nombres 'SectionProperties' no se encontr├│ (┬┐falta una directiva using o una referencia de ensamblado?) [E:\94_genera_plantillas_word\src\TemplateGen.Tests\TemplateGen.Tests.csproj]
E:\94_genera_plantillas_word\src\TemplateGen.Tests\WordGeneratorTests.cs(81,54): error CS0246: El nombre del tipo o del espacio de nombres 'PageSize' no se encontr├│ (┬┐falta una directiva using o una referencia de ensamblado?) [E:\94_genera_plantillas_word\src\TemplateGen.Tests\TemplateGen.Tests.csproj]
E:\94_genera_plantillas_word\src\TemplateGen.Tests\WordGeneratorTests.cs(83,30): error CS0103: El nombre 'PageOrientationValues' no existe en el contexto actual [E:\94_genera_plantillas_word\src\TemplateGen.Tests\TemplateGen.Tests.csproj]
E:\94_genera_plantillas_word\src\TemplateGen.Tests\WordGeneratorTests.cs(76,28): warning CS8602: Desreferencia de una referencia posiblemente NULL. [E:\94_genera_plantillas_word\src\TemplateGen.Tests\TemplateGen.Tests.csproj]
E:\94_genera_plantillas_word\src\TemplateGen.Tests\WordGeneratorTests.cs(77,36): warning CS8602: Desreferencia de una referencia posiblemente NULL. [E:\94_genera_plantillas_word\src\TemplateGen.Tests\TemplateGen.Tests.csproj]

ERROR al compilar.

E:\94_genera_plantillas_word\src\TemplateGen.Tests\WordGeneratorTests.cs(76,28): warning CS8602: Desreferencia de una referencia posiblemente NULL. [E:\94_genera_plantillas_word\src\TemplateGen.Tests\TemplateGen.Tests.csproj]
E:\94_genera_plantillas_word\src\TemplateGen.Tests\WordGeneratorTests.cs(77,36): warning CS8602: Desreferencia de una referencia posiblemente NULL. [E:\94_genera_plantillas_word\src\TemplateGen.Tests\TemplateGen.Tests.csproj]
E:\94_genera_plantillas_word\src\TemplateGen.Tests\WordGeneratorTests.cs(77,50): error CS0246: El nombre del tipo o del espacio de nombres 'SectionProperties' no se encontr├│ (┬┐falta una directiva using o una referencia de ensamblado?) [E:\94_genera_plantillas_word\src\TemplateGen.Tests\TemplateGen.Tests.csproj]
E:\94_genera_plantillas_word\src\TemplateGen.Tests\WordGeneratorTests.cs(81,54): error CS0246: El nombre del tipo o del espacio de nombres 'PageSize' no se encontr├│ (┬┐falta una directiva using o una referencia de ensamblado?) [E:\94_genera_plantillas_word\src\TemplateGen.Tests\TemplateGen.Tests.csproj]
E:\94_genera_plantillas_word\src\TemplateGen.Tests\WordGeneratorTests.cs(83,30): error CS0103: El nombre 'PageOrientationValues' no existe en el contexto actual [E:\94_genera_plantillas_word\src\TemplateGen.Tests\TemplateGen.Tests.csproj]
    2 Advertencia(s)
    3 Errores

Tiempo transcurrido 00:00:01.29
